HTMLParser/proguard-project.txt
# This is a configuration file for ProGuard.
# http://proguard.sourceforge.net/index.html#manual/usage.html
-dontusemixedcaseclassnames
-dontskipnonpubliclibraryclasses
-dontpreverify
-ignorewarnings
-verbose

# Optimization is turned off by default. Dex does not like code run
# through the ProGuard optimize and preverify steps (and performs some
# of these optimizations on its own).
-dontoptimize
-dontpreverify
# Note that if you want to enable optimization, you cannot just
# include optimization flags in your own project configuration file;
# instead you will need to point to the
# "proguard-android-optimize.txt" file instead of this one from your
# project.properties file.


-libraryjars libs/AppOffer_2.0.7.jar
-libraryjars libs/commons-lang3-3.2.1.jar
-libraryjars libs/ormlite-core-4.48.jar
-libraryjars libs/jsoup-1.7.2.jar
-libraryjars libs/ormlite-android-4.48.jar
-libraryjars libs/android-support-v4.jar
-keep public class android.webkit.** {*;}
-keep public class cn.waps.** {*;}
-keep public interface cn.waps.** {*;}
-keep public class com.github.snowdream.android.**{*;}
-keep public interface com.github.snowdream.android.**{*;}

-keep public class com.j256.ormlite.**{*;}
-keep public interface com.j256.ormlite.**{*;}
-keep public interface org.jsoup.**{*;}
-keep public class org.jsoup.**{*;}
-keep public class org.apache.commons.**{*;}
-keep public interface org.apache.commons.**{*;}
-keepattributes *Annotation*
-keep public class com.google.vending.licensing.ILicensingService
-keep public class com.android.vending.licensing.ILicensingService

# For native methods, see http://proguard.sourceforge.net/manual/examples.html#native
-keepclasseswithmembernames class * {
    native <methods>;
}

# keep setters in Views so that animations can still work.
# see http://proguard.sourceforge.net/manual/examples.html#beans
-keepclassmembers public class * extends android.view.View {
   void set*(***);
   *** get*();
}

# We want to keep methods in Activity that could be used in the XML attribute onClick
-keepclassmembers class * extends android.app.Activity {
   public void *(android.view.View);
}

# For enumeration classes, see http://proguard.sourceforge.net/manual/examples.html#enumerations
-keepclassmembers enum * {
    public static **[] values();
    public static ** valueOf(java.lang.String);
}

-keep class * implements android.os.Parcelable {
  public static final android.os.Parcelable$Creator *;
}

-keepclassmembers class **.R$* {
    public static <fields>;
}

# The support library contains references to newer platform versions.
# Don't warn about those in case this app is linking against an older
# platform version.  We know about them, and they are safe.
-dontwarn android.support.**