HTMLParser/proguard/seeds.txt
com.lxm.htmlparser.MainActivity
com.lxm.htmlparser.MainActivity: MainActivity()
com.lxm.htmlparser.MyMainActivity
com.lxm.htmlparser.MyMainActivity: MyMainActivity()
com.lxm.htmlparser.MySetting
com.lxm.htmlparser.MySetting: MySetting()
com.lxm.htmlparser.Myapplication
com.lxm.htmlparser.Myapplication: Myapplication()
com.lxm.htmlparser.R$array: int colors
com.lxm.htmlparser.R$array: int entries_muti_select_list_preference
com.lxm.htmlparser.R$array: int entries_values_muti_select_list_preference
com.lxm.htmlparser.R$array: int fileEndingAudio
com.lxm.htmlparser.R$array: int fileEndingExcel
com.lxm.htmlparser.R$array: int fileEndingImage
com.lxm.htmlparser.R$array: int fileEndingPPT
com.lxm.htmlparser.R$array: int fileEndingPackage
com.lxm.htmlparser.R$array: int fileEndingPdf
com.lxm.htmlparser.R$array: int fileEndingText
com.lxm.htmlparser.R$array: int fileEndingVideo
com.lxm.htmlparser.R$array: int fileEndingWebText
com.lxm.htmlparser.R$array: int fileEndingWord
com.lxm.htmlparser.R$attr: int mdActiveIndicator
com.lxm.htmlparser.R$attr: int mdAllowIndicatorAnimation
com.lxm.htmlparser.R$attr: int mdContentBackground
com.lxm.htmlparser.R$attr: int mdDrawOverlay
com.lxm.htmlparser.R$attr: int mdDrawerClosedUpContentDescription
com.lxm.htmlparser.R$attr: int mdDrawerOpenUpContentDescription
com.lxm.htmlparser.R$attr: int mdDropShadow
com.lxm.htmlparser.R$attr: int mdDropShadowColor
com.lxm.htmlparser.R$attr: int mdDropShadowEnabled
com.lxm.htmlparser.R$attr: int mdDropShadowSize
com.lxm.htmlparser.R$attr: int mdMaxAnimationDuration
com.lxm.htmlparser.R$attr: int mdMenuBackground
com.lxm.htmlparser.R$attr: int mdMenuSize
com.lxm.htmlparser.R$attr: int mdPosition
com.lxm.htmlparser.R$attr: int mdSlideDrawable
com.lxm.htmlparser.R$attr: int mdTouchBezelSize
com.lxm.htmlparser.R$attr: int menuDrawerStyle
com.lxm.htmlparser.R$attr: int spbStyle
com.lxm.htmlparser.R$attr: int spb_color
com.lxm.htmlparser.R$attr: int spb_colors
com.lxm.htmlparser.R$attr: int spb_default_color
com.lxm.htmlparser.R$attr: int spb_interpolator
com.lxm.htmlparser.R$attr: int spb_mirror_mode
com.lxm.htmlparser.R$attr: int spb_reversed
com.lxm.htmlparser.R$attr: int spb_sections_count
com.lxm.htmlparser.R$attr: int spb_speed
com.lxm.htmlparser.R$attr: int spb_stroke_separator_length
com.lxm.htmlparser.R$attr: int spb_stroke_width
com.lxm.htmlparser.R$bool: int spb_default_mirror_mode
com.lxm.htmlparser.R$bool: int spb_default_reversed
com.lxm.htmlparser.R$color: int admin_item_press
com.lxm.htmlparser.R$color: int aliceblue
com.lxm.htmlparser.R$color: int all_suc
com.lxm.htmlparser.R$color: int antiquewhite
com.lxm.htmlparser.R$color: int apk_color
com.lxm.htmlparser.R$color: int aqua
com.lxm.htmlparser.R$color: int aquamarine
com.lxm.htmlparser.R$color: int archive_color
com.lxm.htmlparser.R$color: int audio_color
com.lxm.htmlparser.R$color: int azure
com.lxm.htmlparser.R$color: int back_color_normal
com.lxm.htmlparser.R$color: int back_color_pressed
com.lxm.htmlparser.R$color: int background
com.lxm.htmlparser.R$color: int background_for_all
com.lxm.htmlparser.R$color: int beige
com.lxm.htmlparser.R$color: int bg
com.lxm.htmlparser.R$color: int bisque
com.lxm.htmlparser.R$color: int black
com.lxm.htmlparser.R$color: int black_75_transparent
com.lxm.htmlparser.R$color: int blanchedalmond
com.lxm.htmlparser.R$color: int blue
com.lxm.htmlparser.R$color: int blueviolet
com.lxm.htmlparser.R$color: int bottom_bar_text_not_select_color
com.lxm.htmlparser.R$color: int bottom_bar_text_select_color
com.lxm.htmlparser.R$color: int bottombar_background
com.lxm.htmlparser.R$color: int brown
com.lxm.htmlparser.R$color: int burlywood
com.lxm.htmlparser.R$color: int button_update_text_color
com.lxm.htmlparser.R$color: int cadetblue
com.lxm.htmlparser.R$color: int cancle_btn_bg
com.lxm.htmlparser.R$color: int capacity_bar_bg_color
com.lxm.htmlparser.R$color: int capacity_color
com.lxm.htmlparser.R$color: int chartreuse
...
org.apache.commons.lang3.exception.DefaultExceptionContext
org.apache.commons.lang3.exception.DefaultExceptionContext: long serialVersionUID
org.apache.commons.lang3.exception.DefaultExceptionContext: java.util.List contextValues
org.apache.commons.lang3.exception.DefaultExceptionContext: DefaultExceptionContext()
org.apache.commons.lang3.exception.DefaultExceptionContext: org.apache.commons.lang3.exception.DefaultExceptionContext addContextValue(java.lang.String,java.lang.Object)
org.apache.commons.lang3.exception.DefaultExceptionContext: org.apache.commons.lang3.exception.DefaultExceptionContext setContextValue(java.lang.String,java.lang.Object)
org.apache.commons.lang3.exception.DefaultExceptionContext: java.util.List getContextValues(java.lang.String)
org.apache.commons.lang3.exception.DefaultExceptionContext: java.lang.Object getFirstContextValue(java.lang.String)
org.apache.commons.lang3.exception.DefaultExceptionContext: java.util.Set getContextLabels()
org.apache.commons.lang3.exception.DefaultExceptionContext: java.util.List getContextEntries()
org.apache.commons.lang3.exception.DefaultExceptionContext: java.lang.String getFormattedExceptionMessage(java.lang.String)
org.apache.commons.lang3.exception.DefaultExceptionContext: org.apache.commons.lang3.exception.ExceptionContext setContextValue(java.lang.String,java.lang.Object)
org.apache.commons.lang3.exception.ExceptionContext
org.apache.commons.lang3.exception.ExceptionContext: org.apache.commons.lang3.exception.ExceptionContext addContextValue(java.lang.String,java.lang.Object)
org.apache.commons.lang3.exception.ExceptionContext: org.apache.commons.lang3.exception.ExceptionContext setContextValue(java.lang.String,java.lang.Object)
org.apache.commons.lang3.exception.ExceptionContext: java.util.List getContextValues(java.lang.String)
org.apache.commons.lang3.exception.ExceptionContext: java.lang.Object getFirstContextValue(java.lang.String)
org.apache.commons.lang3.exception.ExceptionContext: java.util.Set getContextLabels()
org.apache.commons.lang3.exception.ExceptionContext: java.util.List getContextEntries()
org.apache.commons.lang3.exception.ExceptionContext: java.lang.String getFormattedExceptionMessage(java.lang.String)
org.apache.commons.lang3.exception.ExceptionUtils
org.apache.commons.lang3.exception.ExceptionUtils: java.lang.String WRAPPED_MARKER
org.apache.commons.lang3.exception.ExceptionUtils: java.lang.String[] CAUSE_METHOD_NAMES
org.apache.commons.lang3.exception.ExceptionUtils: ExceptionUtils()
org.apache.commons.lang3.exception.ExceptionUtils: java.lang.String[] getDefaultCauseMethodNames()
org.apache.commons.lang3.exception.ExceptionUtils: java.lang.Throwable getCause(java.lang.Throwable)
org.apache.commons.lang3.exception.ExceptionUtils: java.lang.Throwable getCause(java.lang.Throwable,java.lang.String[])
org.apache.commons.lang3.exception.ExceptionUtils: java.lang.Throwable getRootCause(java.lang.Throwable)
org.apache.commons.lang3.exception.ExceptionUtils: java.lang.Throwable getCauseUsingMethodName(java.lang.Throwable,java.lang.String)
org.apache.commons.lang3.exception.ExceptionUtils: int getThrowableCount(java.lang.Throwable)
org.apache.commons.lang3.exception.ExceptionUtils: java.lang.Throwable[] getThrowables(java.lang.Throwable)
org.apache.commons.lang3.exception.ExceptionUtils: java.util.List getThrowableList(java.lang.Throwable)
org.apache.commons.lang3.exception.ExceptionUtils: int indexOfThrowable(java.lang.Throwable,java.lang.Class)
org.apache.commons.lang3.exception.ExceptionUtils: int indexOfThrowable(java.lang.Throwable,java.lang.Class,int)
org.apache.commons.lang3.exception.ExceptionUtils: int indexOfType(java.lang.Throwable,java.lang.Class)