HTMLParser/proguard/mapping.txt
com.lxm.htmlparser.DisplayWH -> com.lxm.htmlparser.a:
    java.lang.String TAG -> a
    com.lxm.htmlparser.ShowWH DisplayWH(android.app.Activity) -> a
com.lxm.htmlparser.MainActivity -> com.lxm.htmlparser.MainActivity:
    android.os.Handler MyHandler -> b
    boolean bIsSave -> c
    com.lxm.htmlparser.ReadUrlThread MyThread -> a
    com.lxm.htmlparser.MyProgressDialog pd -> d
    com.markupartist.android.widget.PullToRefreshListView listView -> e
    int list_pos_click -> f
    com.lxm.htmlparser.MainActivity$PaginationAdapter adapter -> g
    android.os.Handler handler -> h
    com.github.snowdream.android.app.DownloadManager downloadManager -> i
    android.widget.ScrollView MyScrollView -> j
    void disableConnectionReuseIfNecessary() -> a
    void onCreate(android.os.Bundle) -> onCreate
    boolean onCreateOptionsMenu(android.view.Menu) -> onCreateOptionsMenu
    boolean onOptionsItemSelected(android.view.MenuItem) -> onOptionsItemSelected
    void onCreateContextMenu(android.view.ContextMenu,android.view.View,android.view.ContextMenu$ContextMenuInfo) -> onCreateContextMenu
    boolean onContextItemSelected(android.view.MenuItem) -> onContextItemSelected
    void onConfigurationChanged(android.content.res.Configuration) -> onConfigurationChanged
    void initializeAdapter() -> b
    void loadMoreData(java.lang.String,java.lang.String,java.lang.String,java.lang.String,java.lang.String,boolean) -> a
    boolean onKeyDown(int,android.view.KeyEvent) -> onKeyDown
    boolean onPrepareOptionsMenu(android.view.Menu) -> onPrepareOptionsMenu
    void updataurlgoing(int) -> a
    void Seachering(int) -> b
com.lxm.htmlparser.MainActivity$1 -> com.lxm.htmlparser.b:
    com.lxm.htmlparser.MainActivity this$0 -> a
    void handleMessage(android.os.Message) -> handleMessage
com.lxm.htmlparser.MainActivity$2 -> com.lxm.htmlparser.c:
    com.lxm.htmlparser.MainActivity this$0 -> a
    void onRefresh() -> a
com.lxm.htmlparser.MainActivity$3 -> com.lxm.htmlparser.d:
    com.lxm.htmlparser.MainActivity this$0 -> a
    android.widget.EditText val$cc -> b
    void onClick(android.content.DialogInterface,int) -> onClick
com.lxm.htmlparser.MainActivity$PaginationAdapter -> com.lxm.htmlparser.e:
    java.util.List newsItems -> a
    com.lxm.htmlparser.MainActivity this$0 -> b
    int getCount() -> getCount
    java.lang.Object getItem(int) -> getItem
    long getItemId(int) -> getItemId
    android.view.View getView(int,android.view.View,android.view.ViewGroup) -> getView
    void addNewsItem(com.lxm.htmlparser.News) -> a
    com.lxm.htmlparser.News getNewsItem(int) -> a
    void clean() -> a
    void SetClick(int,boolean) -> a
    void Setisdown(int,boolean) -> b
    com.lxm.htmlparser.MainActivity access$0(com.lxm.htmlparser.MainActivity$PaginationAdapter) -> a
com.lxm.htmlparser.MainActivity$PaginationAdapter$1 -> com.lxm.htmlparser.f:
    com.lxm.htmlparser.MainActivity$PaginationAdapter this$1 -> a
    int val$position -> b
    void onClick(android.view.View) -> onClick
com.lxm.htmlparser.MainActivity$PaginationAdapter$2 -> com.lxm.htmlparser.g:
    com.lxm.htmlparser.MainActivity$PaginationAdapter this$1 -> a
    int val$position -> b
    void onClick(android.view.View) -> onClick
com.lxm.htmlparser.MyDialog -> com.lxm.htmlparser.h:
    android.widget.Button Myok -> a
    android.content.Context context -> b
    int Res_String_id -> c
    int layout_id -> d
    android.widget.Button Mycancel -> e
    boolean isLauncherSet -> f
    void setlauncherset(boolean) -> a
    void onCreate(android.os.Bundle) -> onCreate
    boolean access$0(com.lxm.htmlparser.MyDialog) -> a
com.lxm.htmlparser.MyDialog$1 -> com.lxm.htmlparser.i:
    com.lxm.htmlparser.MyDialog this$0 -> a
    void onClick(android.view.View) -> onClick
com.lxm.htmlparser.MyDialog$2 -> com.lxm.htmlparser.j:
    com.lxm.htmlparser.MyDialog this$0 -> a
    void onClick(android.view.View) -> onClick
...
org.apache.commons.lang3.mutable.MutableFloat -> org.apache.commons.lang3.mutable.MutableFloat:
    long serialVersionUID -> serialVersionUID
    float value -> value
    java.lang.Float getValue() -> getValue
    void setValue(float) -> setValue
    void setValue(java.lang.Number) -> setValue
    boolean isNaN() -> isNaN
    boolean isInfinite() -> isInfinite
    void increment() -> increment
    void decrement() -> decrement
    void add(float) -> add
    void add(java.lang.Number) -> add
    void subtract(float) -> subtract
    void subtract(java.lang.Number) -> subtract
    int intValue() -> intValue
    long longValue() -> longValue
    float floatValue() -> floatValue
    double doubleValue() -> doubleValue
    java.lang.Float toFloat() -> toFloat
    boolean equals(java.lang.Object) -> equals
    int hashCode() -> hashCode
    int compareTo(org.apache.commons.lang3.mutable.MutableFloat) -> compareTo
    java.lang.String toString() -> toString
    int compareTo(java.lang.Object) -> compareTo
    void setValue(java.lang.Object) -> setValue
    java.lang.Object getValue() -> getValue
org.apache.commons.lang3.mutable.MutableInt -> org.apache.commons.lang3.mutable.MutableInt:
    long serialVersionUID -> serialVersionUID
    int value -> value
    java.lang.Integer getValue() -> getValue
    void setValue(int) -> setValue
    void setValue(java.lang.Number) -> setValue
    void increment() -> increment
    void decrement() -> decrement
    void add(int) -> add
    void add(java.lang.Number) -> add
    void subtract(int) -> subtract
    void subtract(java.lang.Number) -> subtract
    int intValue() -> intValue
    long longValue() -> longValue
    float floatValue() -> floatValue
    double doubleValue() -> doubleValue
    java.lang.Integer toInteger() -> toInteger
    boolean equals(java.lang.Object) -> equals
    int hashCode() -> hashCode
    int compareTo(org.apache.commons.lang3.mutable.MutableInt) -> compareTo
    java.lang.String toString() -> toString
    int compareTo(java.lang.Object) -> compareTo
    void setValue(java.lang.Object) -> setValue
    java.lang.Object getValue() -> getValue
org.apache.commons.lang3.mutable.MutableLong -> org.apache.commons.lang3.mutable.MutableLong:
    long serialVersionUID -> serialVersionUID
    long value -> value
    java.lang.Long getValue() -> getValue
    void setValue(long) -> setValue
    void setValue(java.lang.Number) -> setValue
    void increment() -> increment
    void decrement() -> decrement
    void add(long) -> add
    void add(java.lang.Number) -> add
    void subtract(long) -> subtract
    void subtract(java.lang.Number) -> subtract
    int intValue() -> intValue
    long longValue() -> longValue
    float floatValue() -> floatValue
    double doubleValue() -> doubleValue
    java.lang.Long toLong() -> toLong
    boolean equals(java.lang.Object) -> equals
    int hashCode() -> hashCode
    int compareTo(org.apache.commons.lang3.mutable.MutableLong) -> compareTo
    java.lang.String toString() -> toString
    int compareTo(java.lang.Object) -> compareTo
    void setValue(java.lang.Object) -> setValue
    java.lang.Object getValue() -> getValue
org.apache.commons.lang3.mutable.MutableObject -> org.apache.commons.lang3.mutable.MutableObject:
    long serialVersionUID -> serialVersionUID
    java.lang.Object value -> value
    java.lang.Object getValue() -> getValue
    void setValue(java.lang.Object) -> setValue
    boolean equals(java.lang.Object) -> equals
    int hashCode() -> hashCode
    java.lang.String toString() -> toString