HTMLParser/proguard/usage.txt
com.lxm.htmlparser.BuildConfig
com.lxm.htmlparser.DBHelper
com.lxm.htmlparser.DisplayWH:
    7:7:public DisplayWH()
    12:12:static int DisplayWH_W()
com.lxm.htmlparser.DownloadListener
com.lxm.htmlparser.DownloadService
com.lxm.htmlparser.MainActivity:
    private android.widget.TextView tv
    android.widget.Button Updatabut
    private com.lxm.htmlparser.Myapplication Myapp
    62:62:public static java.lang.String GetSystemVersion()
    550:550:public static com.github.snowdream.android.app.DownloadManager getMainDownloadManager()
com.lxm.htmlparser.MainActivity$PaginationAdapter:
    504:504:public boolean GetClick(int)
    512:512:public boolean Getisdown(int)
com.lxm.htmlparser.MultiThreadDownload
com.lxm.htmlparser.MutiSelectListPreference
com.lxm.htmlparser.MutiSelectListPreference$1
com.lxm.htmlparser.MyDialog:
    35:41:public MyDialog(android.content.Context,int,int,android.view.View$OnClickListener)
com.lxm.htmlparser.MyMainActivity:
    98:124:private void ExitOkCancel()
com.lxm.htmlparser.MyMainActivity$3
com.lxm.htmlparser.MyMainActivity$4
com.lxm.htmlparser.MyToast:
    public static final int LENGTH_SHORT
    public static final int LENGTH_LONG
    12:12:public MyToast()
    21:36:public static void showToast(android.content.Context,java.lang.String,int)
    119:126:public static void show(android.content.Context,int,int)
com.lxm.htmlparser.MyUtil:
    public static final int cNetError
    public static final int UploadUrl
    public static final int QuitLoad
    public static final int cIntruptError
    public static final int UploadUrlEnd
    public static final int Uploading
    public static final int goingUpload
    public static final int NoMore
    public static final int Cancel
    public static final int Search
    public static final int Title
    public static final int GetDownURL
    public static final int DownLoadErr
    public static final int DownLoadOver
    public static final int clean
    public static final int UploadUrlforup
    16:16:public MyUtil()
    90:96:public static java.lang.String numberFormat(double,double)
com.lxm.htmlparser.Mydownloadgetdata
com.lxm.htmlparser.Mydownloadgetdata$1
com.lxm.htmlparser.News:
    50:50:public boolean Getdownloading()
com.lxm.htmlparser.R:
    10:10:public R()
com.lxm.htmlparser.R$array
com.lxm.htmlparser.R$attr
com.lxm.htmlparser.R$bool
com.lxm.htmlparser.R$color
com.lxm.htmlparser.R$dimen
com.lxm.htmlparser.R$drawable
com.lxm.htmlparser.R$id
com.lxm.htmlparser.R$integer
com.lxm.htmlparser.R$layout
com.lxm.htmlparser.R$menu
com.lxm.htmlparser.R$string
com.lxm.htmlparser.R$style
com.lxm.htmlparser.R$styleable:
    3186:3186:public R$styleable()
com.lxm.htmlparser.R$xml
com.lxm.htmlparser.ReadUrlThread:
    63:66:public ReadUrlThread(java.lang.String,android.os.Handler)
    192:222:private java.lang.String UploadUrl_ex(java.lang.String)
com.lxm.htmlparser.downloadtask
com.lxm.htmlparser.downloadtask$1
...
android.support.v4.content.Loader$OnLoadCompleteListener:
    public abstract void onLoadComplete(android.support.v4.content.Loader,java.lang.Object)
android.support.v4.content.LocalBroadcastManager
android.support.v4.content.LocalBroadcastManager$1
android.support.v4.content.LocalBroadcastManager$BroadcastRecord
android.support.v4.content.LocalBroadcastManager$ReceiverRecord
android.support.v4.content.ModernAsyncTask
android.support.v4.content.ModernAsyncTask$1
android.support.v4.content.ModernAsyncTask$2
android.support.v4.content.ModernAsyncTask$3
android.support.v4.content.ModernAsyncTask$4
android.support.v4.content.ModernAsyncTask$AsyncTaskResult
android.support.v4.content.ModernAsyncTask$InternalHandler
android.support.v4.content.ModernAsyncTask$Status
android.support.v4.content.ModernAsyncTask$WorkerRunnable
android.support.v4.content.pm.ActivityInfoCompat
android.support.v4.database.DatabaseUtilsCompat
android.support.v4.net.ConnectivityManagerCompat
android.support.v4.net.ConnectivityManagerCompat$BaseConnectivityManagerCompatImpl
android.support.v4.net.ConnectivityManagerCompat$ConnectivityManagerCompatImpl
android.support.v4.net.ConnectivityManagerCompat$GingerbreadConnectivityManagerCompatImpl
android.support.v4.net.ConnectivityManagerCompat$HoneycombMR2ConnectivityManagerCompatImpl
android.support.v4.net.ConnectivityManagerCompat$JellyBeanConnectivityManagerCompatImpl
android.support.v4.net.ConnectivityManagerCompatGingerbread
android.support.v4.net.ConnectivityManagerCompatHoneycombMR2
android.support.v4.net.ConnectivityManagerCompatJellyBean
android.support.v4.net.TrafficStatsCompat
android.support.v4.net.TrafficStatsCompat$1
android.support.v4.net.TrafficStatsCompat$BaseTrafficStatsCompatImpl
android.support.v4.net.TrafficStatsCompat$BaseTrafficStatsCompatImpl$1
android.support.v4.net.TrafficStatsCompat$BaseTrafficStatsCompatImpl$SocketTags
android.support.v4.net.TrafficStatsCompat$IcsTrafficStatsCompatImpl
android.support.v4.net.TrafficStatsCompat$TrafficStatsCompatImpl
android.support.v4.net.TrafficStatsCompatIcs
android.support.v4.os.ParcelableCompat:
    26:42:public ParcelableCompat()
android.support.v4.os.ParcelableCompatCreatorHoneycombMR2Stub:
    22:22:ParcelableCompatCreatorHoneycombMR2Stub()
android.support.v4.util.AtomicFile
android.support.v4.util.DebugUtils:
    25:25:public DebugUtils()
android.support.v4.util.LongSparseArray
android.support.v4.util.LruCache
android.support.v4.util.SparseArrayCompat:
    52:52:public java.lang.Object get(int)
    60:65:public java.lang.Object get(int,java.lang.Object)
    73:81:public void delete(int)
    87:88:public void remove(int)
    94:98:public void removeAt(int)
    107:111:public void removeAtRange(int,int)
    146:190:public void put(int,java.lang.Object)
    236:241:public void setValueAt(int,java.lang.Object)
    249:253:public int indexOfKey(int)
    265:273:public int indexOfValue(java.lang.Object)
    296:323:public void append(int,java.lang.Object)
    326:342:private static int binarySearch(int[],int,int,int)
android.support.v4.util.TimeUtils
android.support.v4.view.AccessibilityDelegateCompatIcs:
    28:30:AccessibilityDelegateCompatIcs()
android.support.v4.view.AccessibilityDelegateCompatJellyBean:
    30:32:AccessibilityDelegateCompatJellyBean()
android.support.v4.view.GestureDetectorCompat
android.support.v4.view.GestureDetectorCompat$GestureDetectorCompatImpl
android.support.v4.view.GestureDetectorCompat$GestureDetectorCompatImplBase
android.support.v4.view.GestureDetectorCompat$GestureDetectorCompatImplBase$GestureHandler
android.support.v4.view.GestureDetectorCompat$GestureDetectorCompatImplJellybeanMr1
android.support.v4.view.KeyEventCompat:
    25:95:public KeyEventCompat()
    127:127:public static int normalizeMetaState(int)
    131:131:public static boolean metaStateHasModifiers(int,int)
    135:135:public static boolean metaStateHasNoModifiers(int)